Lmax = 0.9916627450980392 Lmin = 0.0061756862745098035
logLmax = -0.008372204201321436 logLmin = -5.087135265070981
Lavg = 0.4062332373079995 LH = 0.34005601890108966
logLH = -1.0786449134698177
k = 0.7892650835565405
pov = 0.0
Gamma = 1.3015754087490654
Vrijeme potrebno za 507.jpg: 16.551817417144775s

Lmax = 0.6806988235294117 Lmin = 0.0
logLmax = -0.38463532685437346 logLmin = -36.04365338911715
Lavg = 0.15629570217066235 LH = 0.13000171912045852
logLH = -2.040207604610464
k = 0.9535721293596654
pov = 0.0
Gamma = 0.894105069645801
Vrijeme potrebno za AhwahneeGreatLounge.jpg: 20.18475842475891s

Lmax = 1.0 Lmin = 0.017358431372549016
logLmax = 0.0 logLmin = -4.053676932556663
Lavg = 0.48750282182610627 LH = 0.34526125942980934
logLH = -1.0634538748282465
k = 0.7376569735276058
pov = 0.06123119063722146
Gamma = 1.3635642616709502
Vrijeme potrebno za AirBellowsGap.jpg: 16.885554313659668s

Lmax = 1.0 Lmin = 0.005836078431372549
logLmax = 0.0 logLmin = -5.143696209177402
Lavg = 0.4172033033294862 LH = 0.37710531008929143
logLH = -0.9752307934345982
k = 0.8104027232995239
pov = 0.042919838114775934
Gamma = 1.3021886199057868
Vrijeme potrebno za AmikeusBeaverDamPM1.jpg: 10.99158525466919s

Lmax = 1.0 Lmin = 0.006669803921568628
logLmax = 0.0 logLmin = -5.01016481655288
Lavg = 0.4568809732553988 LH = 0.41841927560852055
logLH = -0.8712712974825655
k = 0.8260992742985205
pov = 0.04459202498625385
Gamma = 1.3086869531437975
Vrijeme potrebno za AmikeusBeaverDamPM2.jpg: 9.377623081207275s

Lmax = 0.8122117647058823 Lmin = 0.2908635294117647
logLmax = -0.2079941788485344 logLmin = -1.234901092905573
Lavg = 0.5566825678608641 LH = 0.5486252026144536
logLH = -0.6003397616606085
k = 0.6179346175964284
pov = 0.0
Gamma = 1.604864220633635
Vrijeme potrebno za ArtistPalette.jpg: 11.745851278305054s

Lmax = 0.9988674509803921 Lmin = 0.07748941176470588
logLmax = -0.0011331908378883558 logLmin = -2.5576139743474164
Lavg = 0.40689969960875627 LH = 0.3357077451380368
logLH = -1.0915143036565833
k = 0.5734835482229507
pov = 0.0015937003674576112
Gamma = 1.5408840514904327
Vrijeme potrebno za BalancedRock.jpg: 10.53935980796814s

Lmax = 1.0 Lmin = 0.15749019607843137
logLmax = 0.0 logLmin = -1.8483920697749523
Lavg = 0.5082955082571408 LH = 0.4385141346140641
logLH = -0.8243632336778552
k = 0.5540106197392287
pov = 0.0008789723446001311
Gamma = 1.6246945135318287
Vrijeme potrebno za BandonSunset(1).jpg: 8.823509693145752s

Lmax = 1.0 Lmin = 0.165081568627451
logLmax = 0.0 logLmin = -1.8013155719170053
Lavg = 0.526439808012601 LH = 0.45964828361306176
logLH = -0.777293682796474
k = 0.5684855586024504
pov = 0.0004103824213344167
Gamma = 1.6193534980112476
Vrijeme potrebno za BandonSunset(2).jpg: 8.963367462158203s

Lmax = 1.0 Lmin = 0.14770117647058822
logLmax = 0.0 logLmin = -1.912564124205109
Lavg = 0.5844492776896947 LH = 0.5111046833194801
logLH = -0.6711808500343107
k = 0.6490675311013356
pov = 0.0007644197495103394
Gamma = 1.5534866345243343
Vrijeme potrebno za BarHarborPresunrise.jpg: 8.557757139205933s

Lmax = 0.8472792156862745 Lmin = 0.056281568627450984
logLmax = -0.1657249861313712 logLmin = -2.8773881752791057
Lavg = 0.3900438529665788 LH = 0.3264802527277253
logLH = -1.1193858137862425
k = 0.6483114748647663
pov = 0.0
Gamma = 1.4503903058048109
Vrijeme potrebno za BarHarborSunrise.jpg: 8.982688665390015s

Lmax = 0.9327513725490196 Lmin = 0.08321019607843137
logLmax = -0.06961659537402472 logLmin = -2.486385389643884
Lavg = 0.5145438182168757 LH = 0.4839026275994816
logLH = -0.7258715751511476
k = 0.7284576905605953
pov = 0.0
Gamma = 1.4516580867610123
Vrijeme potrebno za BenJerrys.jpg: 9.150182485580444s

Lmax = 0.8838047058823528 Lmin = 0.376315294117647
logLmax = -0.12351916169868551 logLmin = -0.9773279387921188
Lavg = 0.6279212925857849 LH = 0.6162064994138985
logLH = -0.48417314530314265
k = 0.5775939609894754
pov = 0.0
Gamma = 1.6770977482052185
Vrijeme potrebno za BigfootPass.jpg: 9.689505338668823s

Lmax = 0.9974517647058823 Lmin = 0.18077490196078433
logLmax = -0.002551487571895704 logLmin = -1.7105026572485575
Lavg = 0.6061802342478181 LH = 0.585555032044747
logLH = -0.5351951088245771
k = 0.6881388468772688
pov = 4.1356144058999666e-07
Gamma = 1.5411459605050555
Vrijeme potrebno za BloomingGorse(1).jpg: 10.644916296005249s

Lmax = 0.8379662745098039 Lmin = 0.06805568627450981
logLmax = -0.17677742452494558 logLmin = -2.6874289931330115
Lavg = 0.46136001162610396 LH = 0.4157316578796189
logLH = -0.8777152800311763
k = 0.7208143637809372
pov = 0.0
Gamma = 1.4250274589075338
Vrijeme potrebno za BloomingGorse(2).jpg: 12.749474287033081s

Lmax = 0.9232862745098039 Lmin = 0.13468470588235296
logLmax = -0.07981593600255461 logLmin = -2.0048187440882814
Lavg = 0.5223479524655592 LH = 0.4908168088960689
logLH = -0.711684318777328
k = 0.6717571630957152
pov = 0.0
Gamma = 1.5186114637516688
Vrijeme potrebno za CadesCove.jpg: 10.236151218414307s

Lmax = 0.9260925490196078 Lmin = 0.007503529411764706
logLmax = -0.07678110438454021 logLmin = -4.892381780896496
Lavg = 0.48235672983459843 LH = 0.43180792770750454
logLH = -0.8397744013953384
k = 0.8415580218824434
pov = 0.0
Gamma = 1.2982549693468135
Vrijeme potrebno za CanadianFalls.jpg: 9.564664602279663s

Lmax = 0.9774117647058823 Lmin = 0.007503529411764706
logLmax = -0.022847257482404938 logLmin = -4.892381780896496
Lavg = 0.4010066956115557 LH = 0.32632331137746334
logLH = -1.1198666363856125
k = 0.7747178146846623
pov = 0.0
Gamma = 1.3083497646942377
Vrijeme potrebno za CemeteryTree(1).jpg: 11.404417514801025s

Lmax = 0.9696054901960783 Lmin = 0.010004705882352942
logLmax = -0.030866001352179106 logLmin = -4.604699708444715
Lavg = 0.4233088137551219 LH = 0.33708052710340247
logLH = -1.087433424345368
k = 0.7689974120933181
pov = 0.0
Gamma = 1.3222938945959315
Vrijeme potrebno za CemeteryTree(2).jpg: 11.415904521942139s

Lmax = 0.9042823529411764 Lmin = 0.16588313725490197
logLmax = -0.10061363003279816 logLmin = -1.7964717309849836
Lavg = 0.5648520408772748 LH = 0.5202925246800949
logLH = -0.6533640781154503
k = 0.6740585501981
pov = 0.0
Gamma = 1.5295519301226004
Vrijeme potrebno za DelicateArch.jpg: 10.186729192733765s

Lmax = 0.9335490196078432 Lmin = 0.19256784313725492
logLmax = -0.06876180574772078 logLmin = -1.6473067554619822
Lavg = 0.5796689282200387 LH = 0.5541928690044174
logLH = -0.5902425138240293
k = 0.6696446888188368
pov = 0.0
Gamma = 1.5491457044384178
Vrijeme potrebno za DelicateFlowers.jpg: 11.537003517150879s

Lmax = 0.9481498039215686 Lmin = 0.005584313725490196
logLmax = -0.05324276819680777 logLmin = -5.187793732168642
Lavg = 0.4966437281049378 LH = 0.46742247561800093
logLH = -0.7605217715593828
k = 0.8622510501258206
pov = 0.0
Gamma = 1.293399522094108
Vrijeme potrebno za DevilsBathtub.jpg: 10.75590443611145s

Lmax = 0.893515294117647 Lmin = 0.2191850980392157
logLmax = -0.11259182744168836 logLmin = -1.517838709616991
Lavg = 0.5814229082209056 LH = 0.5662730706579632
logLH = -0.5686788601310419
k = 0.6754399255571825
pov = 0.0
Gamma = 1.5476394239200069
Vrijeme potrebno za DevilsGolfCourse.jpg: 9.405808448791504s

Lmax = 1.0 Lmin = 0.002804705882352941
logLmax = 0.0 logLmin = -5.876456600281259
Lavg = 0.5512311085539713 LH = 0.47190380712788754
logLH = -0.7509801126241747
k = 0.8722052822464083
pov = 0.1578480479321018
Gamma = 1.2857773293836094
Vrijeme potrebno za DevilsTower.jpg: 11.71977186203003s

Lmax = 0.5993325490196078 Lmin = 0.0008337254901960785
logLmax = -0.5119386612631285 logLmin = -7.089606358232715
Lavg = 0.29195456073866466 LH = 0.26826407586167955
logLH = -1.3157834259246688
k = 0.8777918250519282
pov = 0.0
Gamma = 1.1471851623597644
Vrijeme potrebno za ElCapitan.jpg: 10.66401720046997s

Lmax = 0.9174541176470588 Lmin = 0.1613035294117647
logLmax = -0.08615270831795904 logLmin = -1.8244674130502816
Lavg = 0.560882231926742 LH = 0.5342613263355106
logLH = -0.6268701845667816
k = 0.6889415508153998
pov = 0.0
Gamma = 1.5189852309434324
Vrijeme potrebno za Exploratorium(1).jpg: 10.855463981628418s

Lmax = 0.8680643137254902 Lmin = 0.018192156862745095
logLmax = -0.14148947291283256 logLmin = -4.00676471938882
Lavg = 0.45175212602675496 LH = 0.39734578524987424
logLH = -0.9229483817998725
k = 0.7978258056526494
pov = 0.0
Gamma = 1.3280694556738146
Vrijeme potrebno za Exploratorium(2).jpg: 9.18882155418396s

Lmax = 0.7871686274509805 Lmin = 0.0
logLmax = -0.23931278737796857 logLmin = -36.04365338911715
Lavg = 0.13961667302763092 LH = 0.06655049199705744
logLH = -2.7097943412749186
k = 0.931000501269476
pov = 0.0
Gamma = 0.7641713294329786
Vrijeme potrebno za Flamingo.jpg: 10.036838054656982s

Lmax = 0.8326086274509804 Lmin = 0.2912141176470588
logLmax = -0.18319158221515866 logLmin = -1.2336964829039347
Lavg = 0.580002118954081 LH = 0.5699757596233376
logLH = -0.5621614460344395
k = 0.6392497897241557
pov = 0.0
Gamma = 1.5897850967623315
Vrijeme potrebno za FourCornersStorm.jpg: 11.631717681884766s

Lmax = 0.9695811764705882 Lmin = 0.0008337254901960785
logLmax = -0.030891077561612038 logLmin = -7.089606358232715
Lavg = 0.18376071139937308 LH = 0.15390291690431862
logLH = -1.8714332850724784
k = 0.739252521977926
pov = 0.0
Gamma = 1.173881889514877
Vrijeme potrebno za Frontier.jpg: 11.301265001296997s

Lmax = 1.0 Lmin = 0.009007058823529411
logLmax = 0.0 logLmin = -4.709746695333709
Lavg = 0.5644635748407912 LH = 0.5152934849552516
logLH = -0.6630186669352363
k = 0.8592241345819857
pov = 0.10027814488248321
Gamma = 1.3202614770605663
Vrijeme potrebno za GeneralGrant.jpg: 11.601520776748657s

Lmax = 0.9505725490196079 Lmin = 0.01083843137254902
logLmax = -0.05069079274958548 logLmin = -4.524657000771179
Lavg = 0.4729888801718072 LH = 0.42979856149655526
logLH = -0.8444386416928801
k = 0.8225851935313805
pov = 0.0
Gamma = 1.3184760236943869
Vrijeme potrebno za GeneralSherman.jpg: 10.56572675704956s

Lmax = 0.9615709803921568 Lmin = 0.1656007843137255
logLmax = -0.03918689411730824 logLmin = -1.7981753008481989
Lavg = 0.584524748526668 LH = 0.5289584099388583
logLH = -0.6368454703679508
k = 0.660225971948615
pov = 0.0
Gamma = 1.5489138141177672
Vrijeme potrebno za GoldenGate(1).jpg: 9.779970645904541s

Lmax = 0.9272007843137254 Lmin = 0.1527207843137255
logLmax = -0.07558514106208074 logLmin = -1.8791439639457899
Lavg = 0.5408475431895803 LH = 0.4908122821504325
logLH = -0.7116935417021123
k = 0.6473037682114752
pov = 0.0
Gamma = 1.5460655967314354
Vrijeme potrebno za GoldenGate(2).jpg: 10.981731176376343s

Lmax = 1.0 Lmin = 0.005002352941176471
logLmax = 0.0 logLmin = -5.297846889004661
Lavg = 0.5120379597910005 LH = 0.46740297796747515
logLH = -0.7605634855509175
k = 0.8564391343340976
pov = 0.07610208747618506
Gamma = 1.300562335413965
Vrijeme potrebno za HalfDomeSunset.jpg: 10.86909794807434s

Lmax = 1.0 Lmin = 0.14871607843137255
logLmax = 0.0 logLmin = -1.9057163047212609
Lavg = 0.6327359622215142 LH = 0.5606335276539578
logLH = -0.578687835307803
k = 0.6963410378165156
pov = 0.07004696899993068
Gamma = 1.5224459729682362
Vrijeme potrebno za HallofFame.jpg: 10.94255781173706s

Lmax = 1.0 Lmin = 0.003334901960784314
logLmax = 0.0 logLmin = -5.7033119971128245
Lavg = 0.30717903948457886 LH = 0.26316735230814914
logLH = -1.3349651286071555
k = 0.7659315974151595
pov = 0.01584370421357901
Gamma = 1.2684682605840751
Vrijeme potrebno za HancockKitchenInside.jpg: 10.381008386611938s

Lmax = 0.9974988235294118 Lmin = 0.047326274509803916
logLmax = -0.0025043096379501147 logLmin = -3.0506896512445465
Lavg = 0.5302297247666254 LH = 0.4668417700501494
logLH = -0.7617649008888586
k = 0.7509139024824758
pov = 1.3684957231087414e-06
Gamma = 1.4181206014087635
Vrijeme potrebno za HancockKitchenOutside.jpg: 8.60591173171997s

Lmax = 0.9974988235294118 Lmin = 0.2690133333333333
logLmax = -0.0025043096379501147 logLmin = -1.3129943343137467
Lavg = 0.696820074704964 LH = 0.6738884461268848
logLH = -0.39469069196565454
k = 0.7007330273843726
pov = 2.931806761098208e-07
Gamma = 1.5595881878780269
Vrijeme potrebno za HancockSeedField.jpg: 7.839195013046265s

Lmax = 1.0 Lmin = 0.005002352941176471
logLmax = 0.0 logLmin = -5.297846889004661
Lavg = 0.31243466836967354 LH = 0.24016515732149996
logLH = -1.4264284368043252
k = 0.730753178283656
pov = 0.033077679992896666
Gamma = 1.2869027372081274
Vrijeme potrebno za HDRMark.jpg: 10.90264081954956s

Lmax = 0.8999521568627451 Lmin = 0.1739286274509804
logLmax = -0.10541367611221256 logLmin = -1.7491102509806649
Lavg = 0.5247955981165094 LH = 0.47268092534837086
logLH = -0.7493346945497645
k = 0.6082482446682193
pov = 0.0
Gamma = 1.5811881552204328
Vrijeme potrebno za HooverDam.jpg: 9.55798625946045s

Lmax = 1.0 Lmin = 0.01083843137254902
logLmax = 0.0 logLmin = -4.524657000771179
Lavg = 0.27545170525885687 LH = 0.21846016500274368
logLH = -1.521151592267457
k = 0.6638084186252807
pov = 0.02239816861228823
Gamma = 1.340011237753916
Vrijeme potrebno za HooverGarage.jpg: 7.856343030929565s

Lmax = 0.9991662745098039 Lmin = 0.014023529411764704
logLmax = -0.0008340732325871796 logLmin = -4.267018687847159
Lavg = 0.3988936925901023 LH = 0.3280476493572599
logLH = -1.1145964087183406
k = 0.7389324569615757
pov = 0.008301418796963004
Gamma = 1.349822292201534
Vrijeme potrebno za JesseBrownsCabin.jpg: 9.865918159484863s

Lmax = 0.6636305882352941 Lmin = 0.004472156862745098
logLmax = -0.41002962734103937 logLmin = -5.409884467102046
Lavg = 0.25054033488643596 LH = 0.2211932268171549
logLH = -1.5087186299783752
k = 0.7802558198489912
pov = 0.0
Gamma = 1.2119569151815677
Vrijeme potrebno za KingsCanyon.jpg: 9.519879817962646s

Lmax = 0.9575866666666666 Lmin = 0.003334901960784314
logLmax = -0.04333904853344355 logLmin = -5.7033119971128245
Lavg = 0.39401306002402736 LH = 0.325312082772774
logLH = -1.1229703027165372
k = 0.8092515169256993
pov = 0.0
Gamma = 1.26885558359586
Vrijeme potrebno za LabBooth.jpg: 4.7318525314331055s

Lmax = 1.0 Lmin = 0.009222745098039217
logLmax = 0.0 logLmin = -4.686082552751247
Lavg = 0.18427211347340475 LH = 0.1250620819622717
logLH = -2.0789450092742827
k = 0.5563575788792469
pov = 0.037965448344714256
Gamma = 1.3314370690946056
Vrijeme potrebno za LabTypewriter.jpg: 4.48010778427124s

Lmax = 1.0 Lmin = 0.015989803921568624
logLmax = 0.0 logLmin = -4.135804014777525
Lavg = 0.4310209404453543 LH = 0.3274653050928054
logLH = -1.1163731681666478
k = 0.730071066187429
pov = 0.059024578786153664
Gamma = 1.3597909781065916
Vrijeme potrebno za LabWindow.jpg: 4.8114237785339355s

Lmax = 1.0 Lmin = 0.005836078431372549
logLmax = 0.0 logLmin = -5.143696209177402
Lavg = 0.40715628908354695 LH = 0.3636420767795549
logLH = -1.0115852006581227
k = 0.8033349639013968
pov = 0.012521565161319565
Gamma = 1.3014353278027642
Vrijeme potrebno za LadyBirdRedwoods.jpg: 10.979257106781006s

Lmax = 0.7560501960784313 Lmin = 0.0008337254901960785
logLmax = -0.2796475080776407 logLmin = -7.089606358232715
Lavg = 0.1470042020626053 LH = 0.10795371739020282
logLH = -2.2260526863918826
k = 0.7141825345582055
pov = 0.0
Gamma = 1.1197942322237693
Vrijeme potrebno za LasVegasStore.jpg: 7.824312686920166s

Lmax = 1.0 Lmin = 0.028047058823529408
logLmax = 0.0 logLmin = -3.573871507287213
Lavg = 0.49130600471873237 LH = 0.38795257745741163
logLH = -0.9468721698766172
k = 0.7350570192728191
pov = 0.1686410089840433
Gamma = 1.3944317711424554
Vrijeme potrebno za LetchworthTeaTable(1).jpg: 9.502381563186646s

Lmax = 1.0 Lmin = 0.024105098039215685
logLmax = 0.0 logLmin = -3.725331923959386
Lavg = 0.5127597866050212 LH = 0.38973094500975286
logLH = -0.942298662528701
k = 0.7470564551662285
pov = 0.1838720632795323
Gamma = 1.382148864836829
Vrijeme potrebno za LetchworthTeaTable(2).jpg: 10.170782327651978s

Lmax = 1.0 Lmin = 0.05544627450980392
logLmax = 0.0 logLmin = -2.8923407539207107
Lavg = 0.5679438743393114 LH = 0.531939613148867
logLH = -0.6312253052018113
k = 0.7817597029858415
pov = 0.02323141978073787
Gamma = 1.4139565242793333
Vrijeme potrebno za LittleRiver.jpg: 11.200153827667236s

Lmax = 1.0 Lmin = 0.03244235294117647
logLmax = 0.0 logLmin = -3.428290520269798
Lavg = 0.29776317101915756 LH = 0.19314750419251356
logLH = -1.6443011115556427
k = 0.5203728791846263
pov = 0.05985019913357738
Gamma = 1.4728206301743834
Vrijeme potrebno za LuxoDoubleChecker.jpg: 5.06308126449585s

Lmax = 1.0 Lmin = 0.1607278431372549
logLmax = 0.0 logLmin = -1.8280427596583317
Lavg = 0.5883773973646661 LH = 0.5450858968177509
logLH = -0.6068118878979515
k = 0.6680537779043161
pov = 6.011606212227685e-05
Gamma = 1.547090052352027
Vrijeme potrebno za M3MiddlePond.jpg: 10.529147863388062s

Lmax = 0.9355247058823529 Lmin = 0.22039999999999998
logLmax = -0.06664772433573579 logLmin = -1.5123112017033777
Lavg = 0.5728480628349187 LH = 0.5623320335866033
logLH = -0.5756627964526461
k = 0.6479021016400317
pov = 0.0
Gamma = 1.5769393177812037
Vrijeme potrebno za MackinacBridge.jpg: 9.57717251777649s

Lmax = 1.0 Lmin = 0.0025011764705882354
logLmax = 0.0 logLmin = -5.990994069564606
Lavg = 0.5063938756959613 LH = 0.44226269894911363
logLH = -0.8158512319415738
k = 0.8638203906616677
pov = 0.006878739905246781
Gamma = 1.2788650339670231
Vrijeme potrebno za MammothHotSprings.jpg: 15.17707896232605s

Lmax = 0.999433725490196 Lmin = 0.15637803921568627
logLmax = -0.0005664349037683821 logLmin = -1.855478874951881
Lavg = 0.6085316212986526 LH = 0.5762828146935045
logLH = -0.5511567410544116
k = 0.7031718078636844
pov = 2.92990781533377e-06
Gamma = 1.5205654707843534
Vrijeme potrebno za MasonLake(1).jpg: 10.761739253997803s

Lmax = 0.9866603921568627 Lmin = 0.03474980392156862
logLmax = -0.013429379652838074 logLmin = -3.359581349532043
Lavg = 0.5660718683642926 LH = 0.49326674771767126
logLH = -0.7067051808440281
k = 0.7928140122051249
pov = 0.0
Gamma = 1.3838434956583558
Vrijeme potrebno za MasonLake(2).jpg: 11.92279601097107s

Lmax = 0.7441498039215686 Lmin = 0.0025325490196078434
logLmax = -0.2955129150601593 logLmin = -5.9785289658163885
Lavg = 0.2894066796701739 LH = 0.24157117948215615
logLH = -1.4205911102599853
k = 0.8020279750837386
pov = 0.0
Gamma = 1.2079479111066875
Vrijeme potrebno za McKeesPub.jpg: 8.499000549316406s

Lmax = 1.0 Lmin = 0.13838823529411765
logLmax = 0.0 logLmin = -1.9776922445120122
Lavg = 0.613025739951354 LH = 0.5613262957362916
logLH = -0.5774529102134587
k = 0.708016799976913
pov = 4.022166939956082e-05
Gamma = 1.509027748991611
Vrijeme potrebno za MiddlePond.jpg: 10.355202436447144s

Lmax = 0.9057364705882353 Lmin = 0.018645490196078432
logLmax = -0.09900688656583737 logLmin = -3.982150974676391
Lavg = 0.4869163750787422 LH = 0.4581773155151545
logLH = -0.7804990180120518
k = 0.8244999114164181
pov = 0.0
Gamma = 1.3311537771846509
Vrijeme potrebno za MirrorLake.jpg: 10.995346307754517s

Lmax = 1.0 Lmin = 0.002804705882352941
logLmax = 0.0 logLmin = -5.876456600281259
Lavg = 0.43572146091775815 LH = 0.3518083961717336
logLH = -1.044668580642459
k = 0.8222281467045193
pov = 0.080117107366009
Gamma = 1.2731245884417903
Vrijeme potrebno za MtRushmore(1).jpg: 10.368881464004517s

Lmax = 1.0 Lmin = 0.018270588235294115
logLmax = 0.0 logLmin = -4.002462712323767
Lavg = 0.5281924295059958 LH = 0.41883324121011845
logLH = -0.8702824306185896
k = 0.7825632633780821
pov = 0.09215877583166793
Gamma = 1.3582028218132078
Vrijeme potrebno za MtRushmore(2).jpg: 9.807031154632568s

Lmax = 0.9607584313725489 Lmin = 0.0031145098039215688
logLmax = -0.04003227375206481 logLmin = -5.771683505443412
Lavg = 0.3922691252671154 LH = 0.3284133820567266
logLH = -1.1134821529748762
k = 0.8127154225142816
pov = 0.0
Gamma = 1.2671666123260905
Vrijeme potrebno za MtRushmoreFlags.jpg: 10.492936134338379s

Lmax = 1.0 Lmin = 0.22280784313725488
logLmax = 0.0 logLmin = -1.5014455689576942
Lavg = 0.6423819608189498 LH = 0.6096595105350227
logLH = -0.49485465710570614
k = 0.6704145209544725
pov = 0.00012974696404344417
Gamma = 1.5704028837386994
Vrijeme potrebno za NiagaraFalls.jpg: 8.661569833755493s

Lmax = 0.8983898039215686 Lmin = 0.03024470588235294
logLmax = -0.10715122477461135 logLmin = -3.4984341219753223
Lavg = 0.5143258885309139 LH = 0.44857575051766335
logLH = -0.8016777142695785
k = 0.7952024320742294
pov = 0.0
Gamma = 1.35913764732794
Vrijeme potrebno za NorthBubble.jpg: 9.19240117073059s

Lmax = 1.0 Lmin = 0.08444705882352942
logLmax = 0.0 logLmin = -2.471630463764901
Lavg = 0.6446262458779676 LH = 0.5517395148732982
logLH = -0.5946792374272207
k = 0.7593979981451685
pov = 0.4207801018147589
Gamma = 1.450918443388658
Vrijeme potrebno za OCanadaLights.jpg: 9.888453006744385s

Lmax = 1.0 Lmin = 0.00479764705882353
logLmax = 0.0 logLmin = -5.339629677332098
Lavg = 0.598499845161782 LH = 0.48301538845830594
logLH = -0.7277067656749645
k = 0.8637158736374098
pov = 0.30104461343720385
Gamma = 1.301923497334108
Vrijeme potrebno za OCanadaNoLights.jpg: 9.967530727386475s

Lmax = 1.0 Lmin = 0.049420392156862746
logLmax = 0.0 logLmin = -3.007392143267751
Lavg = 0.5706069134734439 LH = 0.46297352516612333
logLH = -0.7700854075974908
k = 0.7439358185059508
pov = 0.1299442438542742
Gamma = 1.4251305830324215
Vrijeme potrebno za OldFaithfulInn.jpg: 9.930103063583374s

Lmax = 1.0 Lmin = 0.15201803921568627
logLmax = 0.0 logLmin = -1.8837560861270946
Lavg = 0.7227131497583709 LH = 0.6603657193554351
logLH = -0.4149614771940853
k = 0.7797159195661978
pov = 0.13448819538495208
Gamma = 1.4673485486105369
Vrijeme potrebno za OtterPoint.jpg: 10.139214038848877s

Lmax = 1.0 Lmin = 0.14917254901960786
logLmax = 0.0 logLmin = -1.9026515959445458
Lavg = 0.5876447509710685 LH = 0.5488956589912065
logLH = -0.599846912017948
k = 0.6847310809312084
pov = 0.00010274210072437087
Gamma = 1.5299803167413333
Vrijeme potrebno za PaulBunyan.jpg: 7.938799142837524s

Lmax = 1.0 Lmin = 0.0025011764705882354
logLmax = 0.0 logLmin = -5.990994069564606
Lavg = 0.5172367905584546 LH = 0.4507216152967229
logLH = -0.796905391046326
k = 0.8669827775168804
pov = 0.01494903518759004
Gamma = 1.2797764440194983
Vrijeme potrebno za PeckLake.jpg: 7.432859659194946s

Lmax = 0.8623380392156862 Lmin = 0.0
logLmax = -0.1481079283291045 logLmin = -36.04365338911715
Lavg = 0.19761380109996823 LH = 0.16122810275360494
logLH = -1.8249351294043545
k = 0.9532859250486387
pov = 0.0
Gamma = 0.9443481068465187
Vrijeme potrebno za Peppermill.jpg: 7.7323198318481445s

Lmax = 0.8271003921568627 Lmin = 0.003334901960784314
logLmax = -0.18982919814962543 logLmin = -5.7033119971128245
Lavg = 0.43406598168187155 LH = 0.4033146249285193
logLH = -0.9080383146099985
k = 0.8697358561460586
pov = 0.0
Gamma = 1.2507864955611465
Vrijeme potrebno za Petroglyphs.jpg: 8.045919179916382s

Lmax = 0.9196094117647058 Lmin = 0.0008337254901960785
logLmax = -0.08380625151661736 logLmin = -7.089606358232715
Lavg = 0.3960586720977318 LH = 0.3015142199084994
logLH = -1.1989381000514576
k = 0.8408273385554034
pov = 0.0
Gamma = 1.2157853188680603
Vrijeme potrebno za RedwoodSunset.jpg: 8.043602466583252s

Lmax = 0.9520243137254902 Lmin = 0.08687686274509804
logLmax = -0.04916470488928668 logLmin = -2.443263533656857
Lavg = 0.5811894773621725 LH = 0.5080106698760054
logLH = -0.6772528279313056
k = 0.7376515474236521
pov = 0.0
Gamma = 1.4526099117554534
Vrijeme potrebno za RITTiger.jpg: 9.457690238952637s

Lmax = 0.999433725490196 Lmin = 0.0025011764705882354
logLmax = -0.0005664349037683821 logLmin = -5.990994069564606
Lavg = 0.4105399668747341 LH = 0.366237909306512
logLH = -1.0044721313281628
k = 0.8324150198199943
pov = 0.00442775420753274
Gamma = 1.2703649644018733
Vrijeme potrebno za RoadsEndFireDamage.jpg: 10.66408085823059s

Lmax = 0.9971952941176471 Lmin = 0.003334901960784314
logLmax = -0.002808646439690433 logLmin = -5.7033119971128245
Lavg = 0.3468350649638919 LH = 0.3215412670063821
logLH = -1.1346293858234697
k = 0.801452491164639
pov = 0.00044399220248037664
Gamma = 1.2749123622816019
Vrijeme potrebno za RoundBarnInside.jpg: 10.00407600402832s

Lmax = 1.0 Lmin = 0.0870956862745098
logLmax = 0.0 logLmin = -2.44074792247517
Lavg = 0.5487977904379426 LH = 0.4816169473263124
logLH = -0.730606195975619
k = 0.7006629856168395
pov = 0.0005583427660087721
Gamma = 1.4817727688161775
Vrijeme potrebno za RoundStoneBarn.jpg: 8.435525178909302s

Lmax = 1.0 Lmin = 0.2453505882352941
logLmax = 0.0 logLmin = -1.4050671189137651
Lavg = 0.6692530500684623 LH = 0.6501972670271546
logLH = -0.4304794744014571
k = 0.6936235510697497
pov = 2.1422482622561828e-05
Gamma = 1.5592714688362894
Vrijeme potrebno za Route66Museum.jpg: 10.944756507873535s

Lmax = 0.9971952941176471 Lmin = 0.006669803921568628
logLmax = -0.002808646439690433 logLmin = -5.01016481655288
Lavg = 0.48221693479593436 LH = 0.40866279416998774
logLH = -0.8948649271288701
k = 0.8218508429631011
pov = 0.0014287720649503205
Gamma = 1.3076188414823973
Vrijeme potrebno za SequoiaRemains.jpg: 11.37023377418518s

Lmax = 0.9181160784313726 Lmin = 0.012886274509803921
logLmax = -0.08543144926240798 logLmin = -4.35159252554335
Lavg = 0.4193563966403494 LH = 0.3437580169358022
logLH = -1.0678173082782485
k = 0.7697260273462897
pov = 0.0
Gamma = 1.3260247827058602
Vrijeme potrebno za SmokyTunnel.jpg: 9.199369192123413s

Lmax = 0.9958313725490195 Lmin = 0.012505882352941177
logLmax = -0.004177340400851354 logLmin = -4.381556157130506
Lavg = 0.3801140311098519 LH = 0.34274333985665656
logLH = -1.0707733922189329
k = 0.7563391023546513
pov = 0.0
Gamma = 1.340370106220627
Vrijeme potrebno za SouthBranchKingsRiver.jpg: 10.534296035766602s

Lmax = 1.0 Lmin = 0.01667450980392157
logLmax = 0.0 logLmin = -4.093874084678725
Lavg = 0.3176678523211585 LH = 0.21263554905880608
logLH = -1.5481756160515214
k = 0.6218311594278021
pov = 0.04876499261566428
Gamma = 1.381100551269349
Vrijeme potrebno za SpectralLuxoClear.jpg: 3.700714588165283s

Lmax = 1.0 Lmin = 0.02251058823529412
logLmax = 0.0 logLmin = -3.7937694922283867
Lavg = 0.34734764527324913 LH = 0.22693343871141064
logLH = -1.4830985260342102
k = 0.6090699424220771
pov = 0.05180089272743521
Gamma = 1.4105460280493416
Vrijeme potrebno za SpectralLuxoENH.jpg: 4.027981758117676s

Lmax = 1.0 Lmin = 0.044712156862745094
logLmax = 0.0 logLmin = -3.1075098487290465
Lavg = 0.30918933933205317 LH = 0.21428308442865185
logLH = -1.54045731368875
k = 0.5042791853680566
pov = 0.04683578990791922
Gamma = 1.5148613838385425
Vrijeme potrebno za SpectralLuxoFLD.jpg: 4.069270610809326s

Lmax = 0.9587301960784314 Lmin = 0.141961568627451
logLmax = -0.042145582494784464 logLmin = -1.9521989014800842
Lavg = 0.5390838034746965 LH = 0.49983243984857806
logLH = -0.6934823570281463
k = 0.6589955012986867
pov = 0.0
Gamma = 1.5371612925470073
Vrijeme potrebno za SunsetPoint(1).jpg: 10.416057825088501s

Lmax = 0.9163976470588235 Lmin = 0.008141960784313725
logLmax = -0.08730489599794845 logLmin = -4.810724245381418
Lavg = 0.5201987184775401 LH = 0.4708200291278577
logLH = -0.7532793617484737
k = 0.859005856459166
pov = 0.0
Gamma = 1.2987227403781774
Vrijeme potrebno za SunsetPoint(2).jpg: 10.19717288017273s

Lmax = 0.9849160784313726 Lmin = 0.014476862745098039
logLmax = -0.015198841001795266 logLmin = -4.235203576749141
Lavg = 0.4686044761899906 LH = 0.44105556922084366
logLH = -0.8185844041700441
k = 0.8096244877730042
pov = 0.0
Gamma = 1.3390239018014374
Vrijeme potrebno za TaughannockFalls.jpg: 9.103825330734253s

Lmax = 0.9549952941176469 Lmin = 0.017508235294117647
logLmax = -0.04604886613904818 logLmin = -4.045083920509293
Lavg = 0.48492743644554015 LH = 0.44989691154716627
logLH = -0.7987368079125933
k = 0.811782609669553
pov = 0.0
Gamma = 1.3412034201080956
Vrijeme potrebno za TheGrotto.jpg: 11.814338207244873s

Lmax = 1.0 Lmin = 0.020843137254901962
logLmax = 0.0 logLmin = -3.870730533364515
Lavg = 0.48679362447014285 LH = 0.43697251485506083
logLH = -0.8278849809330353
k = 0.786116606723997
pov = 0.05790240644785296
Gamma = 1.3637539173467321
Vrijeme potrebno za TheNarrows(1).jpg: 10.590919733047485s

Lmax = 1.0 Lmin = 0.1536086274509804
logLmax = 0.0 logLmin = -1.8733472915452916
Lavg = 0.5813162570269867 LH = 0.5467327724931778
logLH = -0.6037951288504781
k = 0.6776918345170169
pov = 0.03980963412287838
Gamma = 1.5373058997139117
Vrijeme potrebno za TheNarrows(2).jpg: 9.473182201385498s

Lmax = 1.0 Lmin = 0.02228392156862745
logLmax = 0.0 logLmin = -3.803889866456963
Lavg = 0.5306668766511752 LH = 0.49247073742971686
logLH = -0.7083202365215786
k = 0.8137905508864467
pov = 0.0343264266918509
Gamma = 1.3602082812422243
Vrijeme potrebno za TheNarrows(3).jpg: 10.483409643173218s

Lmax = 0.7620203921568627 Lmin = 0.0008337254901960785
logLmax = -0.27178196229285745 logLmin = -7.089606358232715
Lavg = 0.2885624534772375 LH = 0.24900774276235327
logLH = -1.3902712875697447
k = 0.8359462989479505
pov = 0.0
Gamma = 1.1768955839538173
Vrijeme potrebno za TunnelView(1).jpg: 8.922600746154785s

Lmax = 0.7073341176470589 Lmin = 0.0092478431372549
logLmax = -0.34625213964508733 logLmin = -4.683364928997991
Lavg = 0.3235047526328812 LH = 0.28808946438851696
logLH = -1.2444842068469741
k = 0.7928963089438348
pov = 0.0
Gamma = 1.2590401367500488
Vrijeme potrebno za TunnelView(2).jpg: 9.65860915184021s

Lmax = 0.983118431372549 Lmin = 0.23869333333333334
logLmax = -0.017025686567580675 logLmin = -1.4325756750875631
Lavg = 0.5939837131543558 LH = 0.5775376938257145
logLH = -0.5489815680223495
k = 0.6242055132147248
pov = 0.0
Gamma = 1.609733224138124
Vrijeme potrebno za TupperLake(1).jpg: 11.63599181175232s

Lmax = 0.9960627450980392 Lmin = 0.28865176470588233
logLmax = -0.003945026295387233 logLmin = -1.2425342838410771
Lavg = 0.6502888158467095 LH = 0.6374204350571633
logLH = -0.450325817492161
k = 0.6396054717273315
pov = 0.0
Gamma = 1.6153204192681199
Vrijeme potrebno za TupperLake(2).jpg: 9.53739619255066s

Lmax = 0.8837890196078431 Lmin = 0.2546133333333333
logLmax = -0.12353691043164826 logLmin = -1.3680092244997817
Lavg = 0.5855443075938244 LH = 0.5577311183442433
logLH = -0.5838782995025149
k = 0.6300910965499683
pov = 0.0
Gamma = 1.5950323391390624
Vrijeme potrebno za UpheavalDome.jpg: 8.803855419158936s

Lmax = 0.8552172549019608 Lmin = 0.009170980392156863
logLmax = -0.15639974302259746 logLmin = -4.691711085434345
Lavg = 0.17338759860819086 LH = 0.15593943287199652
logLH = -1.8582875979419988
k = 0.6247472937515274
pov = 0.0
Gamma = 1.3054968446130353
Vrijeme potrebno za URChapel(1).jpg: 10.945800542831421s

Lmax = 0.9681011764705882 Lmin = 0.011672156862745099
logLmax = -0.03241867602021266 logLmin = -4.450549028617457
Lavg = 0.3536769880009546 LH = 0.3253733412610767
logLH = -1.122782013610247
k = 0.7532070693774229
pov = 0.0
Gamma = 1.3318259535468133
Vrijeme potrebno za URChapel(2).jpg: 10.981746196746826s

Lmax = 0.8476901960784313 Lmin = 0.0
logLmax = -0.16524004475442558 logLmin = -36.04365338911715
Lavg = 0.14083320059886983 LH = 0.00033652279223688624
logLH = -7.996844677928451
k = 0.7817182003561332
pov = 0.0
Gamma = -0.29428147617147415
Vrijeme potrebno za WaffleHouse.jpg: 9.482945919036865s

Lmax = 1.0 Lmin = 0.006669803921568628
logLmax = 0.0 logLmin = -5.01016481655288
Lavg = 0.41916242702793577 LH = 0.31680274304262357
logLH = -1.1494759604852116
k = 0.7705712281784614
pov = 0.07078266627471011
Gamma = 1.306740802428038
Vrijeme potrebno za WallDrug.jpg: 8.589225769042969s

Lmax = 1.0 Lmin = 0.03875294117647058
logLmax = 0.0 logLmin = -3.250548624734868
Lavg = 0.5455645695632891 LH = 0.4654549539974528
logLH = -0.7647399560184368
k = 0.7647351126516949
pov = 0.09272841535993659
Gamma = 1.4027004112445605
Vrijeme potrebno za WestBranchAusable(1).jpg: 10.508455753326416s

Lmax = 1.0 Lmin = 0.021075294117647057
logLmax = 0.0 logLmin = -3.8596538194313585
Lavg = 0.5685946492408254 LH = 0.500081602451101
logLH = -0.6929839889742145
k = 0.8204543667918095
pov = 0.2079453273165706
Gamma = 1.3577583852052268
Vrijeme potrebno za WestBranchAusable(2).jpg: 10.066842555999756s

Lmax = 0.9954964705882352 Lmin = 0.0
logLmax = -0.004513700850082292 logLmin = -36.04365338911715
Lavg = 0.2913983512384839 LH = 0.21122860009644442
logLH = -1.5548143191947852
k = 0.956982862749928
pov = 0.0
Gamma = 1.00283820108311
Vrijeme potrebno za WillyDesk.jpg: 9.767658948898315s

Lmax = 1.0 Lmin = 0.10157254901960784
logLmax = 0.0 logLmin = -2.2869819671596723
Lavg = 0.6730413547827576 LH = 0.5774394937327514
logLH = -0.5491516148323776
k = 0.7598793419808207
pov = 0.24742353421232022
Gamma = 1.4594623153851105
Vrijeme potrebno za WillySentinel.jpg: 10.1043221950531s

Lmax = 0.9952133333333333 Lmin = 0.004168627450980392
logLmax = -0.004798159444954704 logLmin = -5.480168445798615
Lavg = 0.48884980458917077 LH = 0.4347208343301982
logLH = -0.8330512140701154
k = 0.8487311339126365
pov = 0.0
Gamma = 1.291760106300032
Vrijeme potrebno za YosemiteFalls.jpg: 13.296818971633911s

Lmax = 0.8202101960784314 Lmin = 0.0
logLmax = -0.19819463489145797 logLmin = -36.04365338911715
Lavg = 0.12783021438901465 LH = 0.06299135103807822
logLH = -2.764757847124937
k = 0.9283992086743507
pov = 0.0
Gamma = 0.754346023752166
Vrijeme potrebno za Zentrum.jpg: 12.990434408187866s

Ukupno vremena potrebno za sve slike: 1077.0139808654785