Lmax = 0.9916627450980392 Lmin = 0.0061756862745098035logLmax = -0.008372204201321436 logLmin = -5.087135265070981Lavg = 0.4062332373079995 LH = 0.34005601890108966logLH = -1.0786449134698177k = 0.7892650835565405pov = 0.0Gamma = 1.3015754087490654Vrijeme potrebno za 507.jpg: 37.128737926483154s

Lmax = 0.6806988235294117 Lmin = 0.0logLmax = -0.38463532685437346 logLmin = -36.04365338911715Lavg = 0.15629570217066235 LH = 0.13000171912045852logLH = -2.040207604610464k = 0.9535721293596654pov = 0.0Gamma = 0.894105069645801Vrijeme potrebno za AhwahneeGreatLounge.jpg: 9.549559593200684s

Lmax = 1.0 Lmin = 0.017358431372549016logLmax = 0.0 logLmin = -4.053676932556663Lavg = 0.48750282182610627 LH = 0.34526125942980934logLH = -1.0634538748282465k = 0.7376569735276058pov = 0.06123119063722146Gamma = 1.3635642616709502Vrijeme potrebno za AirBellowsGap.jpg: 7.628743886947632s

Lmax = 1.0 Lmin = 0.005836078431372549logLmax = 0.0 logLmin = -5.143696209177402Lavg = 0.4172033033294862 LH = 0.37710531008929143logLH = -0.9752307934345982k = 0.8104027232995239pov = 0.042919838114775934Gamma = 1.3021886199057868Vrijeme potrebno za AmikeusBeaverDamPM1.jpg: 9.139343738555908s

Lmax = 1.0 Lmin = 0.006669803921568628logLmax = 0.0 logLmin = -5.01016481655288Lavg = 0.4568809732553988 LH = 0.41841927560852055logLH = -0.8712712974825655k = 0.8260992742985205pov = 0.04459202498625385Gamma = 1.3086869531437975Vrijeme potrebno za AmikeusBeaverDamPM2.jpg: 10.00069785118103s

Lmax = 0.8122117647058823 Lmin = 0.2908635294117647logLmax = -0.2079941788485344 logLmin = -1.234901092905573Lavg = 0.5566825678608641 LH = 0.5486252026144536logLH = -0.6003397616606085k = 0.6179346175964284pov = 0.0Gamma = 1.604864220633635Vrijeme potrebno za ArtistPalette.jpg: 13.361536502838135s

Lmax = 0.9988674509803921 Lmin = 0.07748941176470588logLmax = -0.0011331908378883558 logLmin = -2.5576139743474164Lavg = 0.40689969960875627 LH = 0.3357077451380368logLH = -1.0915143036565833k = 0.5734835482229507pov = 0.0015937003674576112Gamma = 1.5408840514904327Vrijeme potrebno za BalancedRock.jpg: 9.193905591964722s

Lmax = 1.0 Lmin = 0.15749019607843137logLmax = 0.0 logLmin = -1.8483920697749523Lavg = 0.5082955082571408 LH = 0.4385141346140641logLH = -0.8243632336778552k = 0.5540106197392287pov = 0.0008789723446001311Gamma = 1.6246945135318287Vrijeme potrebno za BandonSunset(1).jpg: 8.036459922790527s

Lmax = 1.0 Lmin = 0.165081568627451logLmax = 0.0 logLmin = -1.8013155719170053Lavg = 0.526439808012601 LH = 0.45964828361306176logLH = -0.777293682796474k = 0.5684855586024504pov = 0.0004103824213344167Gamma = 1.6193534980112476Vrijeme potrebno za BandonSunset(2).jpg: 7.994588851928711s

Lmax = 1.0 Lmin = 0.14770117647058822logLmax = 0.0 logLmin = -1.912564124205109Lavg = 0.5844492776896947 LH = 0.5111046833194801logLH = -0.6711808500343107k = 0.6490675311013356pov = 0.0007644197495103394Gamma = 1.5534866345243343Vrijeme potrebno za BarHarborPresunrise.jpg: 7.884554624557495s

Lmax = 0.8472792156862745 Lmin = 0.056281568627450984logLmax = -0.1657249861313712 logLmin = -2.8773881752791057Lavg = 0.3900438529665788 LH = 0.3264802527277253logLH = -1.1193858137862425k = 0.6483114748647663pov = 0.0Gamma = 1.4503903058048109Vrijeme potrebno za BarHarborSunrise.jpg: 8.04398250579834s

Lmax = 0.9327513725490196 Lmin = 0.08321019607843137logLmax = -0.06961659537402472 logLmin = -2.486385389643884Lavg = 0.5145438182168757 LH = 0.4839026275994816logLH = -0.7258715751511476k = 0.7284576905605953pov = 0.0Gamma = 1.4516580867610123Vrijeme potrebno za BenJerrys.jpg: 8.012417554855347s

Lmax = 0.8838047058823528 Lmin = 0.376315294117647logLmax = -0.12351916169868551 logLmin = -0.9773279387921188Lavg = 0.6279212925857849 LH = 0.6162064994138985logLH = -0.48417314530314265k = 0.5775939609894754pov = 0.0Gamma = 1.6770977482052185Vrijeme potrebno za BigfootPass.jpg: 7.850964069366455s

Lmax = 0.9974517647058823 Lmin = 0.18077490196078433logLmax = -0.002551487571895704 logLmin = -1.7105026572485575Lavg = 0.6061802342478181 LH = 0.585555032044747logLH = -0.5351951088245771k = 0.6881388468772688pov = 4.1356144058999666e-07Gamma = 1.5411459605050555Vrijeme potrebno za BloomingGorse(1).jpg: 9.256999492645264s

Lmax = 0.8379662745098039 Lmin = 0.06805568627450981logLmax = -0.17677742452494558 logLmin = -2.6874289931330115Lavg = 0.46136001162610396 LH = 0.4157316578796189logLH = -0.8777152800311763k = 0.7208143637809372pov = 0.0Gamma = 1.4250274589075338Vrijeme potrebno za BloomingGorse(2).jpg: 10.115939617156982s

Lmax = 0.9232862745098039 Lmin = 0.13468470588235296logLmax = -0.07981593600255461 logLmin = -2.0048187440882814Lavg = 0.5223479524655592 LH = 0.4908168088960689logLH = -0.711684318777328k = 0.6717571630957152pov = 0.0Gamma = 1.5186114637516688Vrijeme potrebno za CadesCove.jpg: 7.597965955734253s

Lmax = 0.9260925490196078 Lmin = 0.007503529411764706logLmax = -0.07678110438454021 logLmin = -4.892381780896496Lavg = 0.48235672983459843 LH = 0.43180792770750454logLH = -0.8397744013953384k = 0.8415580218824434pov = 0.0Gamma = 1.2982549693468135Vrijeme potrebno za CanadianFalls.jpg: 7.688080072402954s

Lmax = 0.9774117647058823 Lmin = 0.007503529411764706logLmax = -0.022847257482404938 logLmin = -4.892381780896496Lavg = 0.4010066956115557 LH = 0.32632331137746334logLH = -1.1198666363856125k = 0.7747178146846623pov = 0.0Gamma = 1.3083497646942377Vrijeme potrebno za CemeteryTree(1).jpg: 9.099650859832764s

Lmax = 0.9696054901960783 Lmin = 0.010004705882352942logLmax = -0.030866001352179106 logLmin = -4.604699708444715Lavg = 0.4233088137551219 LH = 0.33708052710340247logLH = -1.087433424345368k = 0.7689974120933181pov = 0.0Gamma = 1.3222938945959315Vrijeme potrebno za CemeteryTree(2).jpg: 9.142051458358765s

Lmax = 0.9042823529411764 Lmin = 0.16588313725490197logLmax = -0.10061363003279816 logLmin = -1.7964717309849836Lavg = 0.5648520408772748 LH = 0.5202925246800949logLH = -0.6533640781154503k = 0.6740585501981pov = 0.0Gamma = 1.5295519301226004Vrijeme potrebno za DelicateArch.jpg: 8.426209211349487s

Lmax = 0.9335490196078432 Lmin = 0.19256784313725492logLmax = -0.06876180574772078 logLmin = -1.6473067554619822Lavg = 0.5796689282200387 LH = 0.5541928690044174logLH = -0.5902425138240293k = 0.6696446888188368pov = 0.0Gamma = 1.5491457044384178Vrijeme potrebno za DelicateFlowers.jpg: 8.678140878677368s

Lmax = 0.9481498039215686 Lmin = 0.005584313725490196logLmax = -0.05324276819680777 logLmin = -5.187793732168642Lavg = 0.4966437281049378 LH = 0.46742247561800093logLH = -0.7605217715593828k = 0.8622510501258206pov = 0.0Gamma = 1.293399522094108Vrijeme potrebno za DevilsBathtub.jpg: 7.434152126312256s

Lmax = 0.893515294117647 Lmin = 0.2191850980392157logLmax = -0.11259182744168836 logLmin = -1.517838709616991Lavg = 0.5814229082209056 LH = 0.5662730706579632logLH = -0.5686788601310419k = 0.6754399255571825pov = 0.0Gamma = 1.5476394239200069Vrijeme potrebno za DevilsGolfCourse.jpg: 7.295469522476196s

Lmax = 1.0 Lmin = 0.002804705882352941logLmax = 0.0 logLmin = -5.876456600281259Lavg = 0.5512311085539713 LH = 0.47190380712788754logLH = -0.7509801126241747k = 0.8722052822464083pov = 0.1578480479321018Gamma = 1.2857773293836094Vrijeme potrebno za DevilsTower.jpg: 9.26255750656128s

Lmax = 0.5993325490196078 Lmin = 0.0008337254901960785logLmax = -0.5119386612631285 logLmin = -7.089606358232715Lavg = 0.29195456073866466 LH = 0.26826407586167955logLH = -1.3157834259246688k = 0.8777918250519282pov = 0.0Gamma = 1.1471851623597644Vrijeme potrebno za ElCapitan.jpg: 8.313398122787476s

Lmax = 0.9174541176470588 Lmin = 0.1613035294117647logLmax = -0.08615270831795904 logLmin = -1.8244674130502816Lavg = 0.560882231926742 LH = 0.5342613263355106logLH = -0.6268701845667816k = 0.6889415508153998pov = 0.0Gamma = 1.5189852309434324Vrijeme potrebno za Exploratorium(1).jpg: 9.310779333114624s

Lmax = 0.8680643137254902 Lmin = 0.018192156862745095logLmax = -0.14148947291283256 logLmin = -4.00676471938882Lavg = 0.45175212602675496 LH = 0.39734578524987424logLH = -0.9229483817998725k = 0.7978258056526494pov = 0.0Gamma = 1.3280694556738146Vrijeme potrebno za Exploratorium(2).jpg: 8.631232023239136s

Lmax = 0.7871686274509805 Lmin = 0.0logLmax = -0.23931278737796857 logLmin = -36.04365338911715Lavg = 0.13961667302763092 LH = 0.06655049199705744logLH = -2.7097943412749186k = 0.931000501269476pov = 0.0Gamma = 0.7641713294329786Vrijeme potrebno za Flamingo.jpg: 10.06978726387024s

Lmax = 0.8326086274509804 Lmin = 0.2912141176470588logLmax = -0.18319158221515866 logLmin = -1.2336964829039347Lavg = 0.580002118954081 LH = 0.5699757596233376logLH = -0.5621614460344395k = 0.6392497897241557pov = 0.0Gamma = 1.5897850967623315Vrijeme potrebno za FourCornersStorm.jpg: 9.131086111068726s

Lmax = 0.9695811764705882 Lmin = 0.0008337254901960785logLmax = -0.030891077561612038 logLmin = -7.089606358232715Lavg = 0.18376071139937308 LH = 0.15390291690431862logLH = -1.8714332850724784k = 0.739252521977926pov = 0.0Gamma = 1.173881889514877Vrijeme potrebno za Frontier.jpg: 8.321117401123047s

Lmax = 1.0 Lmin = 0.009007058823529411logLmax = 0.0 logLmin = -4.709746695333709Lavg = 0.5644635748407912 LH = 0.5152934849552516logLH = -0.6630186669352363k = 0.8592241345819857pov = 0.10027814488248321Gamma = 1.3202614770605663Vrijeme potrebno za GeneralGrant.jpg: 9.506808996200562s

Lmax = 0.9505725490196079 Lmin = 0.01083843137254902logLmax = -0.05069079274958548 logLmin = -4.524657000771179Lavg = 0.4729888801718072 LH = 0.42979856149655526logLH = -0.8444386416928801k = 0.8225851935313805pov = 0.0Gamma = 1.3184760236943869Vrijeme potrebno za GeneralSherman.jpg: 7.969221353530884s

Lmax = 0.9615709803921568 Lmin = 0.1656007843137255logLmax = -0.03918689411730824 logLmin = -1.7981753008481989Lavg = 0.584524748526668 LH = 0.5289584099388583logLH = -0.6368454703679508k = 0.660225971948615pov = 0.0Gamma = 1.5489138141177672Vrijeme potrebno za GoldenGate(1).jpg: 8.75064754486084s

Lmax = 0.9272007843137254 Lmin = 0.1527207843137255logLmax = -0.07558514106208074 logLmin = -1.8791439639457899Lavg = 0.5408475431895803 LH = 0.4908122821504325logLH = -0.7116935417021123k = 0.6473037682114752pov = 0.0Gamma = 1.5460655967314354Vrijeme potrebno za GoldenGate(2).jpg: 9.19710659980774s

Lmax = 1.0 Lmin = 0.005002352941176471logLmax = 0.0 logLmin = -5.297846889004661Lavg = 0.5120379597910005 LH = 0.46740297796747515logLH = -0.7605634855509175k = 0.8564391343340976pov = 0.07610208747618506Gamma = 1.300562335413965Vrijeme potrebno za HalfDomeSunset.jpg: 9.162591695785522s

Lmax = 1.0 Lmin = 0.14871607843137255logLmax = 0.0 logLmin = -1.9057163047212609Lavg = 0.6327359622215142 LH = 0.5606335276539578logLH = -0.578687835307803k = 0.6963410378165156pov = 0.07004696899993068Gamma = 1.5224459729682362Vrijeme potrebno za HallofFame.jpg: 9.134318590164185s

Lmax = 1.0 Lmin = 0.003334901960784314logLmax = 0.0 logLmin = -5.7033119971128245Lavg = 0.30717903948457886 LH = 0.26316735230814914logLH = -1.3349651286071555k = 0.7659315974151595pov = 0.01584370421357901Gamma = 1.2684682605840751Vrijeme potrebno za HancockKitchenInside.jpg: 8.959031343460083s

Lmax = 0.9974988235294118 Lmin = 0.047326274509803916logLmax = -0.0025043096379501147 logLmin = -3.0506896512445465Lavg = 0.5302297247666254 LH = 0.4668417700501494logLH = -0.7617649008888586k = 0.7509139024824758pov = 1.3684957231087414e-06Gamma = 1.4181206014087635Vrijeme potrebno za HancockKitchenOutside.jpg: 8.300843000411987s

Lmax = 0.9974988235294118 Lmin = 0.2690133333333333logLmax = -0.0025043096379501147 logLmin = -1.3129943343137467Lavg = 0.696820074704964 LH = 0.6738884461268848logLH = -0.39469069196565454k = 0.7007330273843726pov = 2.931806761098208e-07Gamma = 1.5595881878780269Vrijeme potrebno za HancockSeedField.jpg: 7.922117471694946s

Lmax = 1.0 Lmin = 0.005002352941176471logLmax = 0.0 logLmin = -5.297846889004661Lavg = 0.31243466836967354 LH = 0.24016515732149996logLH = -1.4264284368043252k = 0.730753178283656pov = 0.033077679992896666Gamma = 1.2869027372081274Vrijeme potrebno za HDRMark.jpg: 8.325220584869385s

Lmax = 0.8999521568627451 Lmin = 0.1739286274509804logLmax = -0.10541367611221256 logLmin = -1.7491102509806649Lavg = 0.5247955981165094 LH = 0.47268092534837086logLH = -0.7493346945497645k = 0.6082482446682193pov = 0.0Gamma = 1.5811881552204328Vrijeme potrebno za HooverDam.jpg: 8.700706243515015s

Lmax = 1.0 Lmin = 0.01083843137254902logLmax = 0.0 logLmin = -4.524657000771179Lavg = 0.27545170525885687 LH = 0.21846016500274368logLH = -1.521151592267457k = 0.6638084186252807pov = 0.02239816861228823Gamma = 1.340011237753916Vrijeme potrebno za HooverGarage.jpg: 7.386016130447388s

Lmax = 0.9991662745098039 Lmin = 0.014023529411764704logLmax = -0.0008340732325871796 logLmin = -4.267018687847159Lavg = 0.3988936925901023 LH = 0.3280476493572599logLH = -1.1145964087183406k = 0.7389324569615757pov = 0.008301418796963004Gamma = 1.349822292201534Vrijeme potrebno za JesseBrownsCabin.jpg: 9.219462394714355s

Lmax = 0.6636305882352941 Lmin = 0.004472156862745098logLmax = -0.41002962734103937 logLmin = -5.409884467102046Lavg = 0.25054033488643596 LH = 0.2211932268171549logLH = -1.5087186299783752k = 0.7802558198489912pov = 0.0Gamma = 1.2119569151815677Vrijeme potrebno za KingsCanyon.jpg: 8.713827133178711s

Lmax = 0.9575866666666666 Lmin = 0.003334901960784314logLmax = -0.04333904853344355 logLmin = -5.7033119971128245Lavg = 0.39401306002402736 LH = 0.325312082772774logLH = -1.1229703027165372k = 0.8092515169256993pov = 0.0Gamma = 1.26885558359586Vrijeme potrebno za LabBooth.jpg: 4.4381983280181885s

Lmax = 1.0 Lmin = 0.009222745098039217logLmax = 0.0 logLmin = -4.686082552751247Lavg = 0.18427211347340475 LH = 0.1250620819622717logLH = -2.0789450092742827k = 0.5563575788792469pov = 0.037965448344714256Gamma = 1.3314370690946056Vrijeme potrebno za LabTypewriter.jpg: 4.391978740692139s

Lmax = 1.0 Lmin = 0.015989803921568624logLmax = 0.0 logLmin = -4.135804014777525Lavg = 0.4310209404453543 LH = 0.3274653050928054logLH = -1.1163731681666478k = 0.730071066187429pov = 0.059024578786153664Gamma = 1.3597909781065916Vrijeme potrebno za LabWindow.jpg: 4.421090126037598s

Lmax = 1.0 Lmin = 0.005836078431372549logLmax = 0.0 logLmin = -5.143696209177402Lavg = 0.40715628908354695 LH = 0.3636420767795549logLH = -1.0115852006581227k = 0.8033349639013968pov = 0.012521565161319565Gamma = 1.3014353278027642Vrijeme potrebno za LadyBirdRedwoods.jpg: 9.937296867370605s

Lmax = 0.7560501960784313 Lmin = 0.0008337254901960785logLmax = -0.2796475080776407 logLmin = -7.089606358232715Lavg = 0.1470042020626053 LH = 0.10795371739020282logLH = -2.2260526863918826k = 0.7141825345582055pov = 0.0Gamma = 1.1197942322237693Vrijeme potrebno za LasVegasStore.jpg: 7.47829532623291s

Lmax = 1.0 Lmin = 0.028047058823529408logLmax = 0.0 logLmin = -3.573871507287213Lavg = 0.49130600471873237 LH = 0.38795257745741163logLH = -0.9468721698766172k = 0.7350570192728191pov = 0.1686410089840433Gamma = 1.3944317711424554Vrijeme potrebno za LetchworthTeaTable(1).jpg: 8.752021551132202s

Lmax = 1.0 Lmin = 0.024105098039215685logLmax = 0.0 logLmin = -3.725331923959386Lavg = 0.5127597866050212 LH = 0.38973094500975286logLH = -0.942298662528701k = 0.7470564551662285pov = 0.1838720632795323Gamma = 1.382148864836829Vrijeme potrebno za LetchworthTeaTable(2).jpg: 8.781331777572632s

Lmax = 1.0 Lmin = 0.05544627450980392logLmax = 0.0 logLmin = -2.8923407539207107Lavg = 0.5679438743393114 LH = 0.531939613148867logLH = -0.6312253052018113k = 0.7817597029858415pov = 0.02323141978073787Gamma = 1.4139565242793333Vrijeme potrebno za LittleRiver.jpg: 9.299955606460571s

Lmax = 1.0 Lmin = 0.03244235294117647logLmax = 0.0 logLmin = -3.428290520269798Lavg = 0.29776317101915756 LH = 0.19314750419251356logLH = -1.6443011115556427k = 0.5203728791846263pov = 0.05985019913357738Gamma = 1.4728206301743834Vrijeme potrebno za LuxoDoubleChecker.jpg: 3.8164052963256836s

Lmax = 1.0 Lmin = 0.1607278431372549logLmax = 0.0 logLmin = -1.8280427596583317Lavg = 0.5883773973646661 LH = 0.5450858968177509logLH = -0.6068118878979515k = 0.6680537779043161pov = 6.011606212227685e-05Gamma = 1.547090052352027Vrijeme potrebno za M3MiddlePond.jpg: 7.781638860702515s

Lmax = 0.9355247058823529 Lmin = 0.22039999999999998logLmax = -0.06664772433573579 logLmin = -1.5123112017033777Lavg = 0.5728480628349187 LH = 0.5623320335866033logLH = -0.5756627964526461k = 0.6479021016400317pov = 0.0Gamma = 1.5769393177812037Vrijeme potrebno za MackinacBridge.jpg: 7.73090386390686s

Lmax = 1.0 Lmin = 0.0025011764705882354logLmax = 0.0 logLmin = -5.990994069564606Lavg = 0.5063938756959613 LH = 0.44226269894911363logLH = -0.8158512319415738k = 0.8638203906616677pov = 0.006878739905246781Gamma = 1.2788650339670231Vrijeme potrebno za MammothHotSprings.jpg: 7.547460556030273s

Lmax = 0.999433725490196 Lmin = 0.15637803921568627logLmax = -0.0005664349037683821 logLmin = -1.855478874951881Lavg = 0.6085316212986526 LH = 0.5762828146935045logLH = -0.5511567410544116k = 0.7031718078636844pov = 2.92990781533377e-06Gamma = 1.5205654707843534Vrijeme potrebno za MasonLake(1).jpg: 7.6600682735443115s

Lmax = 0.9866603921568627 Lmin = 0.03474980392156862logLmax = -0.013429379652838074 logLmin = -3.359581349532043Lavg = 0.5660718683642926 LH = 0.49326674771767126logLH = -0.7067051808440281k = 0.7928140122051249pov = 0.0Gamma = 1.3838434956583558Vrijeme potrebno za MasonLake(2).jpg: 12.190143823623657s

Lmax = 0.7441498039215686 Lmin = 0.0025325490196078434logLmax = -0.2955129150601593 logLmin = -5.9785289658163885Lavg = 0.2894066796701739 LH = 0.24157117948215615logLH = -1.4205911102599853k = 0.8020279750837386pov = 0.0Gamma = 1.2079479111066875Vrijeme potrebno za McKeesPub.jpg: 7.569951057434082s

Lmax = 1.0 Lmin = 0.13838823529411765logLmax = 0.0 logLmin = -1.9776922445120122Lavg = 0.613025739951354 LH = 0.5613262957362916logLH = -0.5774529102134587k = 0.708016799976913pov = 4.022166939956082e-05Gamma = 1.509027748991611Vrijeme potrebno za MiddlePond.jpg: 9.85790753364563s

Lmax = 0.9057364705882353 Lmin = 0.018645490196078432logLmax = -0.09900688656583737 logLmin = -3.982150974676391Lavg = 0.4869163750787422 LH = 0.4581773155151545logLH = -0.7804990180120518k = 0.8244999114164181pov = 0.0Gamma = 1.3311537771846509Vrijeme potrebno za MirrorLake.jpg: 8.749374151229858s

Lmax = 1.0 Lmin = 0.002804705882352941logLmax = 0.0 logLmin = -5.876456600281259Lavg = 0.43572146091775815 LH = 0.3518083961717336logLH = -1.044668580642459k = 0.8222281467045193pov = 0.080117107366009Gamma = 1.2731245884417903Vrijeme potrebno za MtRushmore(1).jpg: 8.511583805084229s

Lmax = 1.0 Lmin = 0.018270588235294115logLmax = 0.0 logLmin = -4.002462712323767Lavg = 0.5281924295059958 LH = 0.41883324121011845logLH = -0.8702824306185896k = 0.7825632633780821pov = 0.09215877583166793Gamma = 1.3582028218132078Vrijeme potrebno za MtRushmore(2).jpg: 8.234832763671875s

Lmax = 0.9607584313725489 Lmin = 0.0031145098039215688logLmax = -0.04003227375206481 logLmin = -5.771683505443412Lavg = 0.3922691252671154 LH = 0.3284133820567266logLH = -1.1134821529748762k = 0.8127154225142816pov = 0.0Gamma = 1.2671666123260905Vrijeme potrebno za MtRushmoreFlags.jpg: 8.820266723632812s

Lmax = 1.0 Lmin = 0.22280784313725488logLmax = 0.0 logLmin = -1.5014455689576942Lavg = 0.6423819608189498 LH = 0.6096595105350227logLH = -0.49485465710570614k = 0.6704145209544725pov = 0.00012974696404344417Gamma = 1.5704028837386994Vrijeme potrebno za NiagaraFalls.jpg: 7.134403467178345s

Lmax = 0.8983898039215686 Lmin = 0.03024470588235294logLmax = -0.10715122477461135 logLmin = -3.4984341219753223Lavg = 0.5143258885309139 LH = 0.44857575051766335logLH = -0.8016777142695785k = 0.7952024320742294pov = 0.0Gamma = 1.35913764732794Vrijeme potrebno za NorthBubble.jpg: 7.787563323974609s

Lmax = 1.0 Lmin = 0.08444705882352942logLmax = 0.0 logLmin = -2.471630463764901Lavg = 0.6446262458779676 LH = 0.5517395148732982logLH = -0.5946792374272207k = 0.7593979981451685pov = 0.4207801018147589Gamma = 1.450918443388658Vrijeme potrebno za OCanadaLights.jpg: 8.154592752456665s

Lmax = 1.0 Lmin = 0.00479764705882353logLmax = 0.0 logLmin = -5.339629677332098Lavg = 0.598499845161782 LH = 0.48301538845830594logLH = -0.7277067656749645k = 0.8637158736374098pov = 0.30104461343720385Gamma = 1.301923497334108Vrijeme potrebno za OCanadaNoLights.jpg: 7.5789384841918945s

Lmax = 1.0 Lmin = 0.049420392156862746logLmax = 0.0 logLmin = -3.007392143267751Lavg = 0.5706069134734439 LH = 0.46297352516612333logLH = -0.7700854075974908k = 0.7439358185059508pov = 0.1299442438542742Gamma = 1.4251305830324215Vrijeme potrebno za OldFaithfulInn.jpg: 7.40744423866272s

Lmax = 1.0 Lmin = 0.15201803921568627logLmax = 0.0 logLmin = -1.8837560861270946Lavg = 0.7227131497583709 LH = 0.6603657193554351logLH = -0.4149614771940853k = 0.7797159195661978pov = 0.13448819538495208Gamma = 1.4673485486105369Vrijeme potrebno za OtterPoint.jpg: 8.678884744644165s

Lmax = 1.0 Lmin = 0.14917254901960786logLmax = 0.0 logLmin = -1.9026515959445458Lavg = 0.5876447509710685 LH = 0.5488956589912065logLH = -0.599846912017948k = 0.6847310809312084pov = 0.00010274210072437087Gamma = 1.5299803167413333Vrijeme potrebno za PaulBunyan.jpg: 7.502944469451904s

Lmax = 1.0 Lmin = 0.0025011764705882354logLmax = 0.0 logLmin = -5.990994069564606Lavg = 0.5172367905584546 LH = 0.4507216152967229logLH = -0.796905391046326k = 0.8669827775168804pov = 0.01494903518759004Gamma = 1.2797764440194983Vrijeme potrebno za PeckLake.jpg: 7.312692642211914s

Lmax = 0.8623380392156862 Lmin = 0.0logLmax = -0.1481079283291045 logLmin = -36.04365338911715Lavg = 0.19761380109996823 LH = 0.16122810275360494logLH = -1.8249351294043545k = 0.9532859250486387pov = 0.0Gamma = 0.9443481068465187Vrijeme potrebno za Peppermill.jpg: 7.137813091278076s

Lmax = 0.8271003921568627 Lmin = 0.003334901960784314logLmax = -0.18982919814962543 logLmin = -5.7033119971128245Lavg = 0.43406598168187155 LH = 0.4033146249285193logLH = -0.9080383146099985k = 0.8697358561460586pov = 0.0Gamma = 1.2507864955611465Vrijeme potrebno za Petroglyphs.jpg: 7.884636878967285s

Lmax = 0.9196094117647058 Lmin = 0.0008337254901960785logLmax = -0.08380625151661736 logLmin = -7.089606358232715Lavg = 0.3960586720977318 LH = 0.3015142199084994logLH = -1.1989381000514576k = 0.8408273385554034pov = 0.0Gamma = 1.2157853188680603Vrijeme potrebno za RedwoodSunset.jpg: 7.022758960723877s

Lmax = 0.9520243137254902 Lmin = 0.08687686274509804logLmax = -0.04916470488928668 logLmin = -2.443263533656857Lavg = 0.5811894773621725 LH = 0.5080106698760054logLH = -0.6772528279313056k = 0.7376515474236521pov = 0.0Gamma = 1.4526099117554534Vrijeme potrebno za RITTiger.jpg: 9.009159564971924s

Lmax = 0.999433725490196 Lmin = 0.0025011764705882354logLmax = -0.0005664349037683821 logLmin = -5.990994069564606Lavg = 0.4105399668747341 LH = 0.366237909306512logLH = -1.0044721313281628k = 0.8324150198199943pov = 0.00442775420753274Gamma = 1.2703649644018733Vrijeme potrebno za RoadsEndFireDamage.jpg: 8.778690338134766s

Lmax = 0.9971952941176471 Lmin = 0.003334901960784314logLmax = -0.002808646439690433 logLmin = -5.7033119971128245Lavg = 0.3468350649638919 LH = 0.3215412670063821logLH = -1.1346293858234697k = 0.801452491164639pov = 0.00044399220248037664Gamma = 1.2749123622816019Vrijeme potrebno za RoundBarnInside.jpg: 9.218313932418823s

Lmax = 1.0 Lmin = 0.0870956862745098logLmax = 0.0 logLmin = -2.44074792247517Lavg = 0.5487977904379426 LH = 0.4816169473263124logLH = -0.730606195975619k = 0.7006629856168395pov = 0.0005583427660087721Gamma = 1.4817727688161775Vrijeme potrebno za RoundStoneBarn.jpg: 7.191851615905762s

Lmax = 1.0 Lmin = 0.2453505882352941logLmax = 0.0 logLmin = -1.4050671189137651Lavg = 0.6692530500684623 LH = 0.6501972670271546logLH = -0.4304794744014571k = 0.6936235510697497pov = 2.1422482622561828e-05Gamma = 1.5592714688362894Vrijeme potrebno za Route66Museum.jpg: 8.908592939376831s

Lmax = 0.9971952941176471 Lmin = 0.006669803921568628logLmax = -0.002808646439690433 logLmin = -5.01016481655288Lavg = 0.48221693479593436 LH = 0.40866279416998774logLH = -0.8948649271288701k = 0.8218508429631011pov = 0.0014287720649503205Gamma = 1.3076188414823973Vrijeme potrebno za SequoiaRemains.jpg: 9.324354887008667s

Lmax = 0.9181160784313726 Lmin = 0.012886274509803921logLmax = -0.08543144926240798 logLmin = -4.35159252554335Lavg = 0.4193563966403494 LH = 0.3437580169358022logLH = -1.0678173082782485k = 0.7697260273462897pov = 0.0Gamma = 1.3260247827058602Vrijeme potrebno za SmokyTunnel.jpg: 7.817734718322754s

Lmax = 0.9958313725490195 Lmin = 0.012505882352941177logLmax = -0.004177340400851354 logLmin = -4.381556157130506Lavg = 0.3801140311098519 LH = 0.34274333985665656logLH = -1.0707733922189329k = 0.7563391023546513pov = 0.0Gamma = 1.340370106220627Vrijeme potrebno za SouthBranchKingsRiver.jpg: 9.130441188812256s

Lmax = 1.0 Lmin = 0.01667450980392157logLmax = 0.0 logLmin = -4.093874084678725Lavg = 0.3176678523211585 LH = 0.21263554905880608logLH = -1.5481756160515214k = 0.6218311594278021pov = 0.04876499261566428Gamma = 1.381100551269349Vrijeme potrebno za SpectralLuxoClear.jpg: 3.550452709197998s

Lmax = 1.0 Lmin = 0.02251058823529412logLmax = 0.0 logLmin = -3.7937694922283867Lavg = 0.34734764527324913 LH = 0.22693343871141064logLH = -1.4830985260342102k = 0.6090699424220771pov = 0.05180089272743521Gamma = 1.4105460280493416Vrijeme potrebno za SpectralLuxoENH.jpg: 3.3212368488311768s

Lmax = 1.0 Lmin = 0.044712156862745094logLmax = 0.0 logLmin = -3.1075098487290465Lavg = 0.30918933933205317 LH = 0.21428308442865185logLH = -1.54045731368875k = 0.5042791853680566pov = 0.04683578990791922Gamma = 1.5148613838385425Vrijeme potrebno za SpectralLuxoFLD.jpg: 3.296924114227295s

Lmax = 0.9587301960784314 Lmin = 0.141961568627451logLmax = -0.042145582494784464 logLmin = -1.9521989014800842Lavg = 0.5390838034746965 LH = 0.49983243984857806logLH = -0.6934823570281463k = 0.6589955012986867pov = 0.0Gamma = 1.5371612925470073Vrijeme potrebno za SunsetPoint(1).jpg: 8.278156995773315s

Lmax = 0.9163976470588235 Lmin = 0.008141960784313725logLmax = -0.08730489599794845 logLmin = -4.810724245381418Lavg = 0.5201987184775401 LH = 0.4708200291278577logLH = -0.7532793617484737k = 0.859005856459166pov = 0.0Gamma = 1.2987227403781774Vrijeme potrebno za SunsetPoint(2).jpg: 10.517155885696411s

Lmax = 0.9849160784313726 Lmin = 0.014476862745098039logLmax = -0.015198841001795266 logLmin = -4.235203576749141Lavg = 0.4686044761899906 LH = 0.44105556922084366logLH = -0.8185844041700441k = 0.8096244877730042pov = 0.0Gamma = 1.3390239018014374Vrijeme potrebno za TaughannockFalls.jpg: 8.32120156288147s

Lmax = 0.9549952941176469 Lmin = 0.017508235294117647logLmax = -0.04604886613904818 logLmin = -4.045083920509293Lavg = 0.48492743644554015 LH = 0.44989691154716627logLH = -0.7987368079125933k = 0.811782609669553pov = 0.0Gamma = 1.3412034201080956Vrijeme potrebno za TheGrotto.jpg: 9.877180814743042s

Lmax = 1.0 Lmin = 0.020843137254901962logLmax = 0.0 logLmin = -3.870730533364515Lavg = 0.48679362447014285 LH = 0.43697251485506083logLH = -0.8278849809330353k = 0.786116606723997pov = 0.05790240644785296Gamma = 1.3637539173467321Vrijeme potrebno za TheNarrows(1).jpg: 8.316426038742065s

Lmax = 1.0 Lmin = 0.1536086274509804logLmax = 0.0 logLmin = -1.8733472915452916Lavg = 0.5813162570269867 LH = 0.5467327724931778logLH = -0.6037951288504781k = 0.6776918345170169pov = 0.03980963412287838Gamma = 1.5373058997139117Vrijeme potrebno za TheNarrows(2).jpg: 7.53240442276001s

Lmax = 1.0 Lmin = 0.02228392156862745logLmax = 0.0 logLmin = -3.803889866456963Lavg = 0.5306668766511752 LH = 0.49247073742971686logLH = -0.7083202365215786k = 0.8137905508864467pov = 0.0343264266918509Gamma = 1.3602082812422243Vrijeme potrebno za TheNarrows(3).jpg: 9.310203075408936s

Lmax = 0.7620203921568627 Lmin = 0.0008337254901960785logLmax = -0.27178196229285745 logLmin = -7.089606358232715Lavg = 0.2885624534772375 LH = 0.24900774276235327logLH = -1.3902712875697447k = 0.8359462989479505pov = 0.0Gamma = 1.1768955839538173Vrijeme potrebno za TunnelView(1).jpg: 10.83479380607605s

Lmax = 0.7073341176470589 Lmin = 0.0092478431372549logLmax = -0.34625213964508733 logLmin = -4.683364928997991Lavg = 0.3235047526328812 LH = 0.28808946438851696logLH = -1.2444842068469741k = 0.7928963089438348pov = 0.0Gamma = 1.2590401367500488Vrijeme potrebno za TunnelView(2).jpg: 7.949839353561401s

Lmax = 0.983118431372549 Lmin = 0.23869333333333334logLmax = -0.017025686567580675 logLmin = -1.4325756750875631Lavg = 0.5939837131543558 LH = 0.5775376938257145logLH = -0.5489815680223495k = 0.6242055132147248pov = 0.0Gamma = 1.609733224138124Vrijeme potrebno za TupperLake(1).jpg: 9.408982753753662s

Lmax = 0.9960627450980392 Lmin = 0.28865176470588233logLmax = -0.003945026295387233 logLmin = -1.2425342838410771Lavg = 0.6502888158467095 LH = 0.6374204350571633logLH = -0.450325817492161k = 0.6396054717273315pov = 0.0Gamma = 1.6153204192681199Vrijeme potrebno za TupperLake(2).jpg: 8.648929595947266s

Lmax = 0.8837890196078431 Lmin = 0.2546133333333333logLmax = -0.12353691043164826 logLmin = -1.3680092244997817Lavg = 0.5855443075938244 LH = 0.5577311183442433logLH = -0.5838782995025149k = 0.6300910965499683pov = 0.0Gamma = 1.5950323391390624Vrijeme potrebno za UpheavalDome.jpg: 7.696256399154663s

Lmax = 0.8552172549019608 Lmin = 0.009170980392156863logLmax = -0.15639974302259746 logLmin = -4.691711085434345Lavg = 0.17338759860819086 LH = 0.15593943287199652logLH = -1.8582875979419988k = 0.6247472937515274pov = 0.0Gamma = 1.3054968446130353Vrijeme potrebno za URChapel(1).jpg: 8.04980182647705s

Lmax = 0.9681011764705882 Lmin = 0.011672156862745099logLmax = -0.03241867602021266 logLmin = -4.450549028617457Lavg = 0.3536769880009546 LH = 0.3253733412610767logLH = -1.122782013610247k = 0.7532070693774229pov = 0.0Gamma = 1.3318259535468133Vrijeme potrebno za URChapel(2).jpg: 10.114142894744873s

Lmax = 0.8476901960784313 Lmin = 0.0logLmax = -0.16524004475442558 logLmin = -36.04365338911715Lavg = 0.14083320059886983 LH = 0.00033652279223688624logLH = -7.996844677928451k = 0.7817182003561332pov = 0.0Gamma = -0.29428147617147415Vrijeme potrebno za WaffleHouse.jpg: 8.907687902450562s

Lmax = 1.0 Lmin = 0.006669803921568628logLmax = 0.0 logLmin = -5.01016481655288Lavg = 0.41916242702793577 LH = 0.31680274304262357logLH = -1.1494759604852116k = 0.7705712281784614pov = 0.07078266627471011Gamma = 1.306740802428038Vrijeme potrebno za WallDrug.jpg: 8.99460506439209s

Lmax = 1.0 Lmin = 0.03875294117647058logLmax = 0.0 logLmin = -3.250548624734868Lavg = 0.5455645695632891 LH = 0.4654549539974528logLH = -0.7647399560184368k = 0.7647351126516949pov = 0.09272841535993659Gamma = 1.4027004112445605Vrijeme potrebno za WestBranchAusable(1).jpg: 9.037414789199829s

Lmax = 1.0 Lmin = 0.021075294117647057logLmax = 0.0 logLmin = -3.8596538194313585Lavg = 0.5685946492408254 LH = 0.500081602451101logLH = -0.6929839889742145k = 0.8204543667918095pov = 0.2079453273165706Gamma = 1.3577583852052268Vrijeme potrebno za WestBranchAusable(2).jpg: 8.814783811569214s

Lmax = 0.9954964705882352 Lmin = 0.0logLmax = -0.004513700850082292 logLmin = -36.04365338911715Lavg = 0.2913983512384839 LH = 0.21122860009644442logLH = -1.5548143191947852k = 0.956982862749928pov = 0.0Gamma = 1.00283820108311Vrijeme potrebno za WillyDesk.jpg: 8.440822124481201s

Lmax = 1.0 Lmin = 0.10157254901960784logLmax = 0.0 logLmin = -2.2869819671596723Lavg = 0.6730413547827576 LH = 0.5774394937327514logLH = -0.5491516148323776k = 0.7598793419808207pov = 0.24742353421232022Gamma = 1.4594623153851105Vrijeme potrebno za WillySentinel.jpg: 8.602609157562256s

Lmax = 0.9952133333333333 Lmin = 0.004168627450980392logLmax = -0.004798159444954704 logLmin = -5.480168445798615Lavg = 0.48884980458917077 LH = 0.4347208343301982logLH = -0.8330512140701154k = 0.8487311339126365pov = 0.0Gamma = 1.291760106300032Vrijeme potrebno za YosemiteFalls.jpg: 8.991908073425293s

Lmax = 0.8202101960784314 Lmin = 0.0logLmax = -0.19819463489145797 logLmin = -36.04365338911715Lavg = 0.12783021438901465 LH = 0.06299135103807822logLH = -2.764757847124937k = 0.9283992086743507pov = 0.0Gamma = 0.754346023752166Vrijeme potrebno za Zentrum.jpg: 7.086469650268555s

Ukupno vremena potrebno za sve slike: 925.7009356021881